(0000) 3000  0011000000000000 (  11)                 .ORIG x3000
(3000) A22F  1010001000101111 (  13)                 LDI   R1 INPUT
(3001) 54A0  0101010010100000 (  14)                 AND   R2 R2 #0
(3002) 147E  0001010001111110 (  15)                 ADD   R2 R1 #-2
(3003) 0802  0000100000000010 (  16)                 BRN   X
(3004) 0403  0000010000000011 (  17)                 BRZ   Y
(3005) 0205  0000001000000101 (  19)                 BRP   MORE
(3006) B22A  1011001000101010 (  20) X               STI   R1 F
(3007) 0E13  0000111000010011 (  22)                 BRNZP END
(3008) 127F  0001001001111111 (  24) Y               ADD   R1 R1 #-1
(3009) B227  1011001000100111 (  25)                 STI   R1 F
(300A) 0E10  0000111000010000 (  27)                 BRNZP END
(300B) 56E0  0101011011100000 (  29) MORE            AND   R3 R3 #0
(300C) 16E1  0001011011100001 (  30)                 ADD   R3 R3 #1
(300D) 5920  0101100100100000 (  31)                 AND   R4 R4 #0
(300E) 1921  0001100100100001 (  32)                 ADD   R4 R4 #1
(300F) 5B60  0101101101100000 (  33)                 AND   R5 R5 #0
(3010) 5DA0  0101110110100000 (  34)                 AND   R6 R6 #0
(3011) 1D81  0001110110000001 (  35)                 ADD   R6 R6 R1
(3012) 1DBE  0001110110111110 (  36)                 ADD   R6 R6 #-2
(3013) 1AC4  0001101011000100 (  38) LOOP            ADD   R5 R3 R4
(3014) 56E0  0101011011100000 (  40)                 AND   R3 R3 #0
(3015) 16C4  0001011011000100 (  41)                 ADD   R3 R3 R4
(3016) 5920  0101100100100000 (  42)                 AND   R4 R4 #0
(3017) 1905  0001100100000101 (  43)                 ADD   R4 R4 R5
(3018) 1DBF  0001110110111111 (  44)                 ADD   R6 R6 #-1
(3019) 03F9  0000001111111001 (  45)                 BRP   LOOP
(301A) BA16  1011101000010110 (  47)                 STI   R5 F
(301B) 56E0  0101011011100000 (  49) END             AND   R3 R3 #0
(301C) 16E1  0001011011100001 (  51)                 ADD   R3 R3 #1
(301D) 5920  0101100100100000 (  52)                 AND   R4 R4 #0
(301E) 1921  0001100100100001 (  53)                 ADD   R4 R4 #1
(301F) 54A0  0101010010100000 (  54)                 AND   R2 R2 #0
(3020) 14A2  0001010010100010 (  55)                 ADD   R2 R2 #2
(3021) 5B60  0101101101100000 (  56)                 AND   R5 R5 #0
(3022) 1AC4  0001101011000100 (  58) LOOP2           ADD   R5 R3 R4
(3023) 0806  0000100000000110 (  60)                 BRN   STORES
(3024) 56E0  0101011011100000 (  61)                 AND   R3 R3 #0
(3025) 16C4  0001011011000100 (  62)                 ADD   R3 R3 R4
(3026) 5920  0101100100100000 (  63)                 AND   R4 R4 #0
(3027) 1905  0001100100000101 (  64)                 ADD   R4 R4 R5
(3028) 14A1  0001010010100001 (  65)                 ADD   R2 R2 #1
(3029) 0FF8  0000111111111000 (  67)                 BRNZP LOOP2
(302A) 96FF  1001011011111111 (  69) STORES          NOT   R3 R3
(302B) 16E1  0001011011100001 (  70)                 ADD   R3 R3 #1
(302C) 1B43  0001101101000011 (  71)                 ADD   R5 R5 R3
(302D) BA05  1011101000000101 (  73)                 STI   R5 Fn
(302E) B403  1011010000000011 (  74)                 STI   R2 N
(302F) F025  1111000000100101 (  75)                 TRAP  x25
(3030) 3100  0011000100000000 (  77) INPUT           .FILL x3100
(3031) 3101  0011000100000001 (  78) F               .FILL x3101
(3032) 3102  0011000100000010 (  79) N               .FILL x3102
(3033) 3103  0011000100000011 (  80) Fn              .FILL x3103
