(0000) 3000  0011000000000000 (  11)                 .ORIG x3000
(3000) A022  1010000000100010 (  13)                 LDI   R0 X
(3001) A222  1010001000100010 (  14)                 LDI   R1 Y
(3002) 947F  1001010001111111 (  17)                 NOT   R2 R1
(3003) 14A1  0001010010100001 (  18)                 ADD   R2 R2 #1
(3004) 1602  0001011000000010 (  19)                 ADD   R3 R0 R2
(3005) B61F  1011011000011111 (  20)                 STI   R3 subtraction
(3006) 1820  0001100000100000 (  23)                 ADD   R4 R0 #0
(3007) 0602  0000011000000010 (  24)                 BRZP  ZPX
(3008) 993F  1001100100111111 (  25)                 NOT   R4 R4
(3009) 1921  0001100100100001 (  26)                 ADD   R4 R4 #1
(300A) B81B  1011100000011011 (  28) ZPX             STI   R4 abs_x
(300B) 1A60  0001101001100000 (  32)                 ADD   R5 R1 #0
(300C) 0602  0000011000000010 (  33)                 BRZP  ZPY
(300D) 9B7F  1001101101111111 (  34)                 NOT   R5 R5
(300E) 1B61  0001101101100001 (  35)                 ADD   R5 R5 #1
(300F) BA17  1011101000010111 (  37) ZPY             STI   R5 abs_y
(3010) 9B7F  1001101101111111 (  43)                 NOT   R5 R5
(3011) 1B61  0001101101100001 (  45)                 ADD   R5 R5 #1
(3012) 1D05  0001110100000101 (  47)                 ADD   R6 R4 R5
(3013) 080B  0000100000001011 (  49)                 BRN   yBig
(3014) 0401  0000010000000001 (  51)                 BRZ   Equal
(3015) 0205  0000001000000101 (  53)                 BRP   xBig
(3016) 1FE0  0001111111100000 (  59) Equal           ADD   R7 R7 #0
(3017) BE10  1011111000010000 (  61)                 STI   R7 larger
(3018) 1FE0  0001111111100000 (  64)                 ADD   R7 R7 #0
(3019) BE0E  1011111000001110 (  66)                 STI   R7 larger
(301A) F025  1111000000100101 (  70)                 TRAP  x25
(301B) 1FE1  0001111111100001 (  76) xBig            ADD   R7 R7 #1
(301C) BE0B  1011111000001011 (  78)                 STI   R7 larger
(301D) BE0A  1011111000001010 (  81)                 STI   R7 larger
(301E) F025  1111000000100101 (  84)                 TRAP  x25
(301F) 1FE2  0001111111100010 (  90) yBig            ADD   R7 R7 #2
(3020) BE07  1011111000000111 (  92)                 STI   R7 larger
(3021) BE06  1011111000000110 (  96)                 STI   R7 larger
(3022) F025  1111000000100101 ( 100)                 TRAP  x25
(3023) 3120  0011000100100000 ( 104) X               .FILL x3120
(3024) 3121  0011000100100001 ( 106) Y               .FILL x3121
(3025) 3122  0011000100100010 ( 108) subtraction     .FILL x3122
(3026) 3123  0011000100100011 ( 110) abs_x           .FILL x3123
(3027) 3124  0011000100100100 ( 112) abs_y           .FILL x3124
(3028) 3125  0011000100100101 ( 114) larger          .FILL x3125
