(0000) 3100  0011000100000000 (  11)                 .ORIG x3100
(3100) E013  1110000000010011 (  12) RESTART         LEA   R0 PROMPT
(3101) F022  1111000000100010 (  13)                 TRAP  x22
(3102) F020  1111000000100000 (  14)                 TRAP  x20
(3103) 1620  0001011000100000 (  16)                 ADD   R3 R0 #0
(3104) 16F0  0001011011110000 (  17)                 ADD   R3 R3 #-16
(3105) 16F0  0001011011110000 (  18)                 ADD   R3 R3 #-16
(3106) 16F0  0001011011110000 (  19)                 ADD   R3 R3 #-16
(3107) 5DA0  0101110110100000 (  21)                 AND   R6 R6 #0
(3108) 1D83  0001110110000011 (  22)                 ADD   R6 R6 R3
(3109) 1DBA  0001110110111010 (  23)                 ADD   R6 R6 #-6
(310A) 0208  0000001000001000 (  25)                 BRP   EXIT
(310B) E023  1110000000100011 (  27)                 LEA   R0 DAYS
(310C) 16E0  0001011011100000 (  28)                 ADD   R3 R3 #0
(310D) 0403  0000010000000011 (  31) LOOP            BRZ   DISPLAY
(310E) 102A  0001000000101010 (  32)                 ADD   R0 R0 #10
(310F) 16FF  0001011011111111 (  33)                 ADD   R3 R3 #-1
(3110) 0FFC  0000111111111100 (  34)                 BRNZP LOOP
(3111) F022  1111000000100010 (  36) DISPLAY         TRAP  x22
(3112) 0FED  0000111111101101 (  37)                 BRNZP RESTART
(3113) F025  1111000000100101 (  39) EXIT            TRAP  x25
(3114) 0020  0000000000100000 (  41) PROMPT          .FILL x0020
(3115) 0050  0000000001010000 (  41)                 .FILL x0050
(3116) 006C  0000000001101100 (  41)                 .FILL x006C
(3117) 0065  0000000001100101 (  41)                 .FILL x0065
(3118) 0061  0000000001100001 (  41)                 .FILL x0061
(3119) 0073  0000000001110011 (  41)                 .FILL x0073
(311A) 0065  0000000001100101 (  41)                 .FILL x0065
(311B) 0020  0000000000100000 (  41)                 .FILL x0020
(311C) 0065  0000000001100101 (  41)                 .FILL x0065
(311D) 006E  0000000001101110 (  41)                 .FILL x006E
(311E) 0074  0000000001110100 (  41)                 .FILL x0074
(311F) 0065  0000000001100101 (  41)                 .FILL x0065
(3120) 0072  0000000001110010 (  41)                 .FILL x0072
(3121) 0020  0000000000100000 (  41)                 .FILL x0020
(3122) 0074  0000000001110100 (  41)                 .FILL x0074
(3123) 0068  0000000001101000 (  41)                 .FILL x0068
(3124) 0065  0000000001100101 (  41)                 .FILL x0065
(3125) 0020  0000000000100000 (  41)                 .FILL x0020
(3126) 006E  0000000001101110 (  41)                 .FILL x006E
(3127) 0075  0000000001110101 (  41)                 .FILL x0075
(3128) 006D  0000000001101101 (  41)                 .FILL x006D
(3129) 0062  0000000001100010 (  41)                 .FILL x0062
(312A) 0065  0000000001100101 (  41)                 .FILL x0065
(312B) 0072  0000000001110010 (  41)                 .FILL x0072
(312C) 003A  0000000000111010 (  41)                 .FILL x003A
(312D) 0020  0000000000100000 (  41)                 .FILL x0020
(312E) 0000  0000000000000000 (  41)                 .FILL x0000
(312F) 0053  0000000001010011 (  44) DAYS            .FILL x0053
(3130) 0075  0000000001110101 (  44)                 .FILL x0075
(3131) 006E  0000000001101110 (  44)                 .FILL x006E
(3132) 0064  0000000001100100 (  44)                 .FILL x0064
(3133) 0061  0000000001100001 (  44)                 .FILL x0061
(3134) 0079  0000000001111001 (  44)                 .FILL x0079
(3135) 0020  0000000000100000 (  44)                 .FILL x0020
(3136) 0020  0000000000100000 (  44)                 .FILL x0020
(3137) 0020  0000000000100000 (  44)                 .FILL x0020
(3138) 0000  0000000000000000 (  44)                 .FILL x0000
(3139) 004D  0000000001001101 (  45)                 .FILL x004D
(313A) 006F  0000000001101111 (  45)                 .FILL x006F
(313B) 006E  0000000001101110 (  45)                 .FILL x006E
(313C) 0064  0000000001100100 (  45)                 .FILL x0064
(313D) 0061  0000000001100001 (  45)                 .FILL x0061
(313E) 0079  0000000001111001 (  45)                 .FILL x0079
(313F) 0020  0000000000100000 (  45)                 .FILL x0020
(3140) 0020  0000000000100000 (  45)                 .FILL x0020
(3141) 0020  0000000000100000 (  45)                 .FILL x0020
(3142) 0000  0000000000000000 (  45)                 .FILL x0000
(3143) 0054  0000000001010100 (  46)                 .FILL x0054
(3144) 0075  0000000001110101 (  46)                 .FILL x0075
(3145) 0065  0000000001100101 (  46)                 .FILL x0065
(3146) 0073  0000000001110011 (  46)                 .FILL x0073
(3147) 0064  0000000001100100 (  46)                 .FILL x0064
(3148) 0061  0000000001100001 (  46)                 .FILL x0061
(3149) 0079  0000000001111001 (  46)                 .FILL x0079
(314A) 0020  0000000000100000 (  46)                 .FILL x0020
(314B) 0020  0000000000100000 (  46)                 .FILL x0020
(314C) 0000  0000000000000000 (  46)                 .FILL x0000
(314D) 0057  0000000001010111 (  47)                 .FILL x0057
(314E) 0065  0000000001100101 (  47)                 .FILL x0065
(314F) 0064  0000000001100100 (  47)                 .FILL x0064
(3150) 006E  0000000001101110 (  47)                 .FILL x006E
(3151) 0065  0000000001100101 (  47)                 .FILL x0065
(3152) 0073  0000000001110011 (  47)                 .FILL x0073
(3153) 0064  0000000001100100 (  47)                 .FILL x0064
(3154) 0061  0000000001100001 (  47)                 .FILL x0061
(3155) 0079  0000000001111001 (  47)                 .FILL x0079
(3156) 0000  0000000000000000 (  47)                 .FILL x0000
(3157) 0054  0000000001010100 (  48)                 .FILL x0054
(3158) 0068  0000000001101000 (  48)                 .FILL x0068
(3159) 0075  0000000001110101 (  48)                 .FILL x0075
(315A) 0072  0000000001110010 (  48)                 .FILL x0072
(315B) 0073  0000000001110011 (  48)                 .FILL x0073
(315C) 0064  0000000001100100 (  48)                 .FILL x0064
(315D) 0061  0000000001100001 (  48)                 .FILL x0061
(315E) 0079  0000000001111001 (  48)                 .FILL x0079
(315F) 0020  0000000000100000 (  48)                 .FILL x0020
(3160) 0000  0000000000000000 (  48)                 .FILL x0000
(3161) 0046  0000000001000110 (  49)                 .FILL x0046
(3162) 0072  0000000001110010 (  49)                 .FILL x0072
(3163) 0069  0000000001101001 (  49)                 .FILL x0069
(3164) 0064  0000000001100100 (  49)                 .FILL x0064
(3165) 0061  0000000001100001 (  49)                 .FILL x0061
(3166) 0079  0000000001111001 (  49)                 .FILL x0079
(3167) 0020  0000000000100000 (  49)                 .FILL x0020
(3168) 0020  0000000000100000 (  49)                 .FILL x0020
(3169) 0020  0000000000100000 (  49)                 .FILL x0020
(316A) 0000  0000000000000000 (  49)                 .FILL x0000
(316B) 0053  0000000001010011 (  50)                 .FILL x0053
(316C) 0061  0000000001100001 (  50)                 .FILL x0061
(316D) 0074  0000000001110100 (  50)                 .FILL x0074
(316E) 0075  0000000001110101 (  50)                 .FILL x0075
(316F) 0072  0000000001110010 (  50)                 .FILL x0072
(3170) 0064  0000000001100100 (  50)                 .FILL x0064
(3171) 0061  0000000001100001 (  50)                 .FILL x0061
(3172) 0079  0000000001111001 (  50)                 .FILL x0079
(3173) 0020  0000000000100000 (  50)                 .FILL x0020
(3174) 0000  0000000000000000 (  50)                 .FILL x0000
