(0000) 3000  0011000000000000 (   8)                 .ORIG x3000
(3000) A66D  1010011001101101 (   9) FIRST           LDI   R3 M
(3001) A86D  1010100001101101 (  10)                 LDI   R4 Y
(3002) 1003  0001000000000011 (  11)                 ADD   R0 R0 R3
(3003) 4840  0100100001000000 (  12)                 JSR   MONTH
(3004) 306C  0011000001101100 (  13)                 ST    R0 SAVEREG
(3005) 5020  0101000000100000 (  15) SECOND          AND   R0 R0 #0
(3006) 1004  0001000000000100 (  16)                 ADD   R0 R0 R4
(3007) 4844  0100100001000100 (  17)                 JSR   SEPERATE
(3008) 3269  0011001001101001 (  18)                 ST    R1 SAVEREG1
(3009) 3069  0011000001101001 (  19)                 ST    R0 SAVEREG2
(300A) 2066  0010000001100110 (  21) THIRD           LD    R0 SAVEREG
(300B) 1021  0001000000100001 (  22)                 ADD   R0 R0 #1
(300C) 5260  0101001001100000 (  23)                 AND   R1 R1 #0
(300D) 126D  0001001001101101 (  24)                 ADD   R1 R1 #13
(300E) 54A0  0101010010100000 (  25)                 AND   R2 R2 #0
(300F) 4852  0100100001010010 (  27)                 JSR   MULT
(3010) 5020  0101000000100000 (  28) FOURTH          AND   R0 R0 #0
(3011) 5260  0101001001100000 (  29)                 AND   R1 R1 #0
(3012) 1002  0001000000000010 (  30)                 ADD   R0 R0 R2
(3013) 1265  0001001001100101 (  31)                 ADD   R1 R1 #5
(3014) 927F  1001001001111111 (  32)                 NOT   R1 R1
(3015) 1261  0001001001100001 (  33)                 ADD   R1 R1 #1
(3016) 54A0  0101010010100000 (  34)                 AND   R2 R2 #0
(3017) 484E  0100100001001110 (  36)                 JSR   DIV
(3018) A054  1010000001010100 (  39) FIFTH           LDI   R0 K
(3019) 1C02  0001110000000010 (  40)                 ADD   R6 R0 R2
(301A) 2058  0010000001011000 (  42) SIXTH           LD    R0 SAVEREG2
(301B) 1D80  0001110110000000 (  43)                 ADD   R6 R6 R0
(301C) 5260  0101001001100000 (  45) SEVEN           AND   R1 R1 #0
(301D) 1264  0001001001100100 (  46)                 ADD   R1 R1 #4
(301E) 54A0  0101010010100000 (  47)                 AND   R2 R2 #0
(301F) 927F  1001001001111111 (  48)                 NOT   R1 R1
(3020) 1261  0001001001100001 (  49)                 ADD   R1 R1 #1
(3021) 4844  0100100001000100 (  50)                 JSR   DIV
(3022) 1D82  0001110110000010 (  55) EIGHT           ADD   R6 R6 R2
(3023) 204E  0010000001001110 (  56)                 LD    R0 SAVEREG1
(3024) 5260  0101001001100000 (  57)                 AND   R1 R1 #0
(3025) 1262  0001001001100010 (  58)                 ADD   R1 R1 #2
(3026) 54A0  0101010010100000 (  59)                 AND   R2 R2 #0
(3027) 483A  0100100000111010 (  60)                 JSR   MULT
(3028) 94BF  1001010010111111 (  62)                 NOT   R2 R2
(3029) 14A1  0001010010100001 (  63)                 ADD   R2 R2 #1
(302A) 1D82  0001110110000010 (  64)                 ADD   R6 R6 R2
(302B) 5260  0101001001100000 (  66) NINE            AND   R1 R1 #0
(302C) 1264  0001001001100100 (  67)                 ADD   R1 R1 #4
(302D) 927F  1001001001111111 (  68)                 NOT   R1 R1
(302E) 1261  0001001001100001 (  69)                 ADD   R1 R1 #1
(302F) 54A0  0101010010100000 (  70)                 AND   R2 R2 #0
(3030) 4835  0100100000110101 (  71)                 JSR   DIV
(3031) 1D82  0001110110000010 (  74)                 ADD   R6 R6 R2
(3032) 5020  0101000000100000 (  75)                 AND   R0 R0 #0
(3033) 5260  0101001001100000 (  76)                 AND   R1 R1 #0
(3034) 54A0  0101010010100000 (  77)                 AND   R2 R2 #0
(3035) 1006  0001000000000110 (  78)                 ADD   R0 R0 R6
(3036) 1267  0001001001100111 (  79)                 ADD   R1 R1 #7
(3037) 927F  1001001001111111 (  80)                 NOT   R1 R1
(3038) 1261  0001001001100001 (  81)                 ADD   R1 R1 #1
(3039) 482C  0100100000101100 (  82)                 JSR   DIV
(303A) 1620  0001011000100000 (  84)                 ADD   R3 R0 #0
(303B) B634  1011011000110100 (  85)                 STI   R3 FINAL
(303C) E037  1110000000110111 (  86)                 LEA   R0 DAYS
(303D) 16E0  0001011011100000 (  88) LOOPS           ADD   R3 R3 #0
(303E) 0403  0000010000000011 (  89)                 BRZ   PRINT
(303F) 102A  0001000000101010 (  90)                 ADD   R0 R0 #10
(3040) 16FF  0001011011111111 (  91)                 ADD   R3 R3 #-1
(3041) 0FFB  0000111111111011 (  92)                 BRNZP LOOPS
(3042) F022  1111000000100010 (  93) PRINT           TRAP  x22
(3043) F025  1111000000100101 (  95)                 TRAP  x25
(3044) 103E  0001000000111110 (  97) MONTH           ADD   R0 R0 #-2
(3045) 0C01  0000110000000001 (  98)                 BRNZ  MONTH1
(3046) 0203  0000001000000011 (  99)                 BRP   MONTH2
(3047) 102E  0001000000101110 ( 101) MONTH1          ADD   R0 R0 #14
(3048) 193F  0001100100111111 ( 102)                 ADD   R4 R4 #-1
(3049) C1C0  1100000111000000 ( 103)                 RET   
(304A) 1022  0001000000100010 ( 105) MONTH2          ADD   R0 R0 #2
(304B) C1C0  1100000111000000 ( 106)                 RET   
(304C) 56E0  0101011011100000 ( 110) SEPERATE        AND   R3 R3 #0
(304D) 16EF  0001011011101111 ( 111)                 ADD   R3 R3 #15
(304E) 16EF  0001011011101111 ( 112)                 ADD   R3 R3 #15
(304F) 16EF  0001011011101111 ( 113)                 ADD   R3 R3 #15
(3050) 16EF  0001011011101111 ( 114)                 ADD   R3 R3 #15
(3051) 16EF  0001011011101111 ( 115)                 ADD   R3 R3 #15
(3052) 16EF  0001011011101111 ( 116)                 ADD   R3 R3 #15
(3053) 16EA  0001011011101010 ( 117)                 ADD   R3 R3 #10
(3054) 96FF  1001011011111111 ( 119)                 NOT   R3 R3
(3055) 16E1  0001011011100001 ( 120)                 ADD   R3 R3 #1
(3056) 54A0  0101010010100000 ( 121)                 AND   R2 R2 #0
(3057) 5260  0101001001100000 ( 122)                 AND   R1 R1 #0
(3058) 0E00  0000111000000000 ( 123)                 BRNZP SEPLOOP
(3059) 1003  0001000000000011 ( 126) SEPLOOP         ADD   R0 R0 R3
(305A) 0C02  0000110000000010 ( 127)                 BRNZ  SEPEND
(305B) 1261  0001001001100001 ( 128)                 ADD   R1 R1 #1
(305C) 0FFC  0000111111111100 ( 129)                 BRNZP SEPLOOP
(305D) 96FF  1001011011111111 ( 132) SEPEND          NOT   R3 R3
(305E) 16E1  0001011011100001 ( 133)                 ADD   R3 R3 #1
(305F) 1003  0001000000000011 ( 134)                 ADD   R0 R0 R3
(3060) 1403  0001010000000011 ( 136)                 ADD   R2 R0 R3
(3061) C1C0  1100000111000000 ( 138)                 RET   
(3062) 1480  0001010010000000 ( 141) MULT            ADD   R2 R2 R0
(3063) 127F  0001001001111111 ( 142)                 ADD   R1 R1 #-1
(3064) 0407  0000010000000111 ( 143)                 BRZ   RETURN
(3065) 0FFC  0000111111111100 ( 144)                 BRNZP MULT
(3066) 1001  0001000000000001 ( 146) DIV             ADD   R0 R0 R1
(3067) 14A1  0001010010100001 ( 147)                 ADD   R2 R2 #1
(3068) 56E0  0101011011100000 ( 149)                 AND   R3 R3 #0
(3069) 1601  0001011000000001 ( 150)                 ADD   R3 R0 R1
(306A) 0801  0000100000000001 ( 151)                 BRN   RETURN
(306B) 0FFA  0000111111111010 ( 152)                 BRNZP DIV
(306C) C1C0  1100000111000000 ( 155) RETURN          RET   
(306D) 31F0  0011000111110000 ( 162) K               .FILL x31F0
(306E) 31F1  0011000111110001 ( 163) M               .FILL x31F1
(306F) 31F2  0011000111110010 ( 164) Y               .FILL x31F2
(3070) 31F3  0011000111110011 ( 165) FINAL           .FILL x31F3
(3071) 0000  0000000000000000 ( 166) SAVEREG         .FILL x0000
(3072) 0000  0000000000000000 ( 167) SAVEREG1        .FILL x0000
(3073) 0000  0000000000000000 ( 168) SAVEREG2        .FILL x0000
(3074) 0053  0000000001010011 ( 171) DAYS            .FILL x0053
(3075) 0061  0000000001100001 ( 171)                 .FILL x0061
(3076) 0074  0000000001110100 ( 171)                 .FILL x0074
(3077) 0075  0000000001110101 ( 171)                 .FILL x0075
(3078) 0072  0000000001110010 ( 171)                 .FILL x0072
(3079) 0064  0000000001100100 ( 171)                 .FILL x0064
(307A) 0061  0000000001100001 ( 171)                 .FILL x0061
(307B) 0079  0000000001111001 ( 171)                 .FILL x0079
(307C) 0020  0000000000100000 ( 171)                 .FILL x0020
(307D) 0000  0000000000000000 ( 171)                 .FILL x0000
(307E) 0053  0000000001010011 ( 172)                 .FILL x0053
(307F) 0075  0000000001110101 ( 172)                 .FILL x0075
(3080) 006E  0000000001101110 ( 172)                 .FILL x006E
(3081) 0064  0000000001100100 ( 172)                 .FILL x0064
(3082) 0061  0000000001100001 ( 172)                 .FILL x0061
(3083) 0079  0000000001111001 ( 172)                 .FILL x0079
(3084) 0020  0000000000100000 ( 172)                 .FILL x0020
(3085) 0020  0000000000100000 ( 172)                 .FILL x0020
(3086) 0020  0000000000100000 ( 172)                 .FILL x0020
(3087) 0000  0000000000000000 ( 172)                 .FILL x0000
(3088) 004D  0000000001001101 ( 173)                 .FILL x004D
(3089) 006F  0000000001101111 ( 173)                 .FILL x006F
(308A) 006E  0000000001101110 ( 173)                 .FILL x006E
(308B) 0064  0000000001100100 ( 173)                 .FILL x0064
(308C) 0061  0000000001100001 ( 173)                 .FILL x0061
(308D) 0079  0000000001111001 ( 173)                 .FILL x0079
(308E) 0020  0000000000100000 ( 173)                 .FILL x0020
(308F) 0020  0000000000100000 ( 173)                 .FILL x0020
(3090) 0020  0000000000100000 ( 173)                 .FILL x0020
(3091) 0000  0000000000000000 ( 173)                 .FILL x0000
(3092) 0054  0000000001010100 ( 174)                 .FILL x0054
(3093) 0075  0000000001110101 ( 174)                 .FILL x0075
(3094) 0065  0000000001100101 ( 174)                 .FILL x0065
(3095) 0073  0000000001110011 ( 174)                 .FILL x0073
(3096) 0064  0000000001100100 ( 174)                 .FILL x0064
(3097) 0061  0000000001100001 ( 174)                 .FILL x0061
(3098) 0079  0000000001111001 ( 174)                 .FILL x0079
(3099) 0020  0000000000100000 ( 174)                 .FILL x0020
(309A) 0020  0000000000100000 ( 174)                 .FILL x0020
(309B) 0000  0000000000000000 ( 174)                 .FILL x0000
(309C) 0057  0000000001010111 ( 175)                 .FILL x0057
(309D) 0065  0000000001100101 ( 175)                 .FILL x0065
(309E) 0064  0000000001100100 ( 175)                 .FILL x0064
(309F) 006E  0000000001101110 ( 175)                 .FILL x006E
(30A0) 0065  0000000001100101 ( 175)                 .FILL x0065
(30A1) 0073  0000000001110011 ( 175)                 .FILL x0073
(30A2) 0064  0000000001100100 ( 175)                 .FILL x0064
(30A3) 0061  0000000001100001 ( 175)                 .FILL x0061
(30A4) 0079  0000000001111001 ( 175)                 .FILL x0079
(30A5) 0000  0000000000000000 ( 175)                 .FILL x0000
(30A6) 0054  0000000001010100 ( 176)                 .FILL x0054
(30A7) 0068  0000000001101000 ( 176)                 .FILL x0068
(30A8) 0075  0000000001110101 ( 176)                 .FILL x0075
(30A9) 0072  0000000001110010 ( 176)                 .FILL x0072
(30AA) 0073  0000000001110011 ( 176)                 .FILL x0073
(30AB) 0064  0000000001100100 ( 176)                 .FILL x0064
(30AC) 0061  0000000001100001 ( 176)                 .FILL x0061
(30AD) 0079  0000000001111001 ( 176)                 .FILL x0079
(30AE) 0020  0000000000100000 ( 176)                 .FILL x0020
(30AF) 0000  0000000000000000 ( 176)                 .FILL x0000
(30B0) 0046  0000000001000110 ( 177)                 .FILL x0046
(30B1) 0072  0000000001110010 ( 177)                 .FILL x0072
(30B2) 0069  0000000001101001 ( 177)                 .FILL x0069
(30B3) 0064  0000000001100100 ( 177)                 .FILL x0064
(30B4) 0061  0000000001100001 ( 177)                 .FILL x0061
(30B5) 0079  0000000001111001 ( 177)                 .FILL x0079
(30B6) 0020  0000000000100000 ( 177)                 .FILL x0020
(30B7) 0020  0000000000100000 ( 177)                 .FILL x0020
(30B8) 0020  0000000000100000 ( 177)                 .FILL x0020
(30B9) 0000  0000000000000000 ( 177)                 .FILL x0000
